{"C:\\Users\\erick\\Desktop\\Programming\\rest-api-gip\\src\\router.ts": {"path":"C:\\Users\\erick\\Desktop\\Programming\\rest-api-gip\\src\\router.ts","statementMap":{"0":{"start":{"line":1,"column":0},"end":{"line":1,"column":33}},"1":{"start":{"line":2,"column":0},"end":{"line":2,"column":48}},"2":{"start":{"line":3,"column":0},"end":{"line":3,"column":null}},"3":{"start":{"line":11,"column":0},"end":{"line":11,"column":49}},"4":{"start":{"line":13,"column":15},"end":{"line":13,"column":23}},"5":{"start":{"line":15,"column":0},"end":{"line":15,"column":29}},"6":{"start":{"line":17,"column":0},"end":{"line":22,"column":2}},"7":{"start":{"line":24,"column":0},"end":{"line":39,"column":2}},"8":{"start":{"line":35,"column":19},"end":{"line":35,"column":28}},"9":{"start":{"line":41,"column":0},"end":{"line":59,"column":2}},"10":{"start":{"line":52,"column":19},"end":{"line":52,"column":28}},"11":{"start":{"line":61,"column":0},"end":{"line":66,"column":2}},"12":{"start":{"line":68,"column":0},"end":{"line":73,"column":2}},"13":{"start":{"line":75,"column":0},"end":{"line":75,"column":22}}},"fnMap":{"0":{"name":"(anonymous_0)","decl":{"start":{"line":35,"column":10},"end":{"line":35,"column":15}},"loc":{"start":{"line":35,"column":19},"end":{"line":35,"column":28}}},"1":{"name":"(anonymous_1)","decl":{"start":{"line":52,"column":10},"end":{"line":52,"column":15}},"loc":{"start":{"line":52,"column":19},"end":{"line":52,"column":28}}}},"branchMap":{},"s":{"0":2,"1":2,"2":2,"3":2,"4":2,"5":2,"6":2,"7":2,"8":4,"9":2,"10":5,"11":2,"12":2,"13":2},"f":{"0":4,"1":5},"b":{}}
,"C:\\Users\\erick\\Desktop\\Programming\\rest-api-gip\\src\\server.ts": {"path":"C:\\Users\\erick\\Desktop\\Programming\\rest-api-gip\\src\\server.ts","statementMap":{"0":{"start":{"line":8,"column":0},"end":{"line":8,"column":7}},"1":{"start":{"line":1,"column":0},"end":{"line":1,"column":30}},"2":{"start":{"line":2,"column":0},"end":{"line":2,"column":28}},"3":{"start":{"line":4,"column":0},"end":{"line":4,"column":30}},"4":{"start":{"line":5,"column":0},"end":{"line":5,"column":29}},"5":{"start":{"line":9,"column":1},"end":{"line":15,"column":2}},"6":{"start":{"line":10,"column":2},"end":{"line":10,"column":26}},"7":{"start":{"line":11,"column":2},"end":{"line":11,"column":12}},"8":{"start":{"line":14,"column":2},"end":{"line":14,"column":70}},"9":{"start":{"line":18,"column":0},"end":{"line":18,"column":12}},"10":{"start":{"line":21,"column":15},"end":{"line":21,"column":24}},"11":{"start":{"line":24,"column":0},"end":{"line":24,"column":27}},"12":{"start":{"line":25,"column":0},"end":{"line":25,"column":36}},"13":{"start":{"line":26,"column":0},"end":{"line":28,"column":null}},"14":{"start":{"line":27,"column":1},"end":{"line":27,"column":null}},"15":{"start":{"line":30,"column":0},"end":{"line":30,"column":22}}},"fnMap":{"0":{"name":"connectDB","decl":{"start":{"line":8,"column":22},"end":{"line":8,"column":31}},"loc":{"start":{"line":8,"column":31},"end":{"line":16,"column":1}}},"1":{"name":"(anonymous_2)","decl":{"start":{"line":26,"column":19},"end":{"line":26,"column":20}},"loc":{"start":{"line":26,"column":32},"end":{"line":28,"column":1}}}},"branchMap":{},"s":{"0":2,"1":2,"2":2,"3":2,"4":2,"5":3,"6":3,"7":2,"8":1,"9":2,"10":2,"11":2,"12":2,"13":2,"14":1,"15":2},"f":{"0":3,"1":1},"b":{}}
,"C:\\Users\\erick\\Desktop\\Programming\\rest-api-gip\\src\\config\\db.ts": {"path":"C:\\Users\\erick\\Desktop\\Programming\\rest-api-gip\\src\\config\\db.ts","statementMap":{"0":{"start":{"line":1,"column":0},"end":{"line":1,"column":49}},"1":{"start":{"line":2,"column":0},"end":{"line":2,"column":28}},"2":{"start":{"line":3,"column":0},"end":{"line":3,"column":16}},"3":{"start":{"line":5,"column":11},"end":{"line":13,"column":2}},"4":{"start":{"line":15,"column":0},"end":{"line":15,"column":18}}},"fnMap":{},"branchMap":{},"s":{"0":2,"1":2,"2":2,"3":2,"4":2},"f":{},"b":{}}
,"C:\\Users\\erick\\Desktop\\Programming\\rest-api-gip\\src\\handlers\\product.ts": {"path":"C:\\Users\\erick\\Desktop\\Programming\\rest-api-gip\\src\\handlers\\product.ts","statementMap":{"0":{"start":{"line":2,"column":0},"end":{"line":2,"column":46}},"1":{"start":{"line":4,"column":27},"end":{"line":13,"column":1}},"2":{"start":{"line":5,"column":1},"end":{"line":12,"column":2}},"3":{"start":{"line":6,"column":19},"end":{"line":8,"column":4}},"4":{"start":{"line":9,"column":2},"end":{"line":9,"column":31}},"5":{"start":{"line":11,"column":2},"end":{"line":11,"column":21}},"6":{"start":{"line":4,"column":13},"end":{"line":4,"column":27}},"7":{"start":{"line":15,"column":30},"end":{"line":31,"column":1}},"8":{"start":{"line":16,"column":1},"end":{"line":30,"column":2}},"9":{"start":{"line":17,"column":17},"end":{"line":17,"column":27}},"10":{"start":{"line":19,"column":18},"end":{"line":19,"column":44}},"11":{"start":{"line":21,"column":2},"end":{"line":25,"column":3}},"12":{"start":{"line":22,"column":3},"end":{"line":24,"column":6}},"13":{"start":{"line":27,"column":2},"end":{"line":27,"column":30}},"14":{"start":{"line":29,"column":2},"end":{"line":29,"column":21}},"15":{"start":{"line":15,"column":13},"end":{"line":15,"column":30}},"16":{"start":{"line":33,"column":29},"end":{"line":40,"column":1}},"17":{"start":{"line":34,"column":1},"end":{"line":39,"column":2}},"18":{"start":{"line":35,"column":18},"end":{"line":35,"column":48}},"19":{"start":{"line":36,"column":2},"end":{"line":36,"column":42}},"20":{"start":{"line":38,"column":2},"end":{"line":38,"column":21}},"21":{"start":{"line":33,"column":13},"end":{"line":33,"column":29}},"22":{"start":{"line":42,"column":29},"end":{"line":62,"column":1}},"23":{"start":{"line":43,"column":1},"end":{"line":61,"column":2}},"24":{"start":{"line":44,"column":17},"end":{"line":44,"column":27}},"25":{"start":{"line":46,"column":18},"end":{"line":46,"column":44}},"26":{"start":{"line":48,"column":2},"end":{"line":52,"column":3}},"27":{"start":{"line":49,"column":3},"end":{"line":51,"column":6}},"28":{"start":{"line":55,"column":2},"end":{"line":55,"column":33}},"29":{"start":{"line":56,"column":2},"end":{"line":56,"column":23}},"30":{"start":{"line":58,"column":2},"end":{"line":58,"column":30}},"31":{"start":{"line":60,"column":2},"end":{"line":60,"column":21}},"32":{"start":{"line":42,"column":13},"end":{"line":42,"column":29}},"33":{"start":{"line":64,"column":34},"end":{"line":84,"column":1}},"34":{"start":{"line":65,"column":1},"end":{"line":83,"column":2}},"35":{"start":{"line":66,"column":17},"end":{"line":66,"column":27}},"36":{"start":{"line":68,"column":18},"end":{"line":68,"column":44}},"37":{"start":{"line":70,"column":2},"end":{"line":74,"column":3}},"38":{"start":{"line":71,"column":3},"end":{"line":73,"column":6}},"39":{"start":{"line":77,"column":2},"end":{"line":77,"column":58}},"40":{"start":{"line":78,"column":2},"end":{"line":78,"column":23}},"41":{"start":{"line":80,"column":2},"end":{"line":80,"column":30}},"42":{"start":{"line":82,"column":2},"end":{"line":82,"column":21}},"43":{"start":{"line":64,"column":13},"end":{"line":64,"column":34}},"44":{"start":{"line":86,"column":29},"end":{"line":104,"column":1}},"45":{"start":{"line":87,"column":1},"end":{"line":103,"column":2}},"46":{"start":{"line":88,"column":17},"end":{"line":88,"column":27}},"47":{"start":{"line":90,"column":18},"end":{"line":90,"column":44}},"48":{"start":{"line":92,"column":2},"end":{"line":96,"column":3}},"49":{"start":{"line":93,"column":3},"end":{"line":95,"column":6}},"50":{"start":{"line":98,"column":2},"end":{"line":98,"column":26}},"51":{"start":{"line":100,"column":2},"end":{"line":100,"column":44}},"52":{"start":{"line":102,"column":2},"end":{"line":102,"column":21}},"53":{"start":{"line":86,"column":13},"end":{"line":86,"column":29}}},"fnMap":{"0":{"name":"(anonymous_1)","decl":{"start":{"line":4,"column":27},"end":{"line":4,"column":32}},"loc":{"start":{"line":4,"column":65},"end":{"line":13,"column":1}}},"1":{"name":"(anonymous_2)","decl":{"start":{"line":15,"column":30},"end":{"line":15,"column":35}},"loc":{"start":{"line":15,"column":68},"end":{"line":31,"column":1}}},"2":{"name":"(anonymous_3)","decl":{"start":{"line":33,"column":29},"end":{"line":33,"column":34}},"loc":{"start":{"line":33,"column":67},"end":{"line":40,"column":1}}},"3":{"name":"(anonymous_4)","decl":{"start":{"line":42,"column":29},"end":{"line":42,"column":34}},"loc":{"start":{"line":42,"column":67},"end":{"line":62,"column":1}}},"4":{"name":"(anonymous_5)","decl":{"start":{"line":64,"column":34},"end":{"line":64,"column":39}},"loc":{"start":{"line":64,"column":72},"end":{"line":84,"column":1}}},"5":{"name":"(anonymous_6)","decl":{"start":{"line":86,"column":29},"end":{"line":86,"column":34}},"loc":{"start":{"line":86,"column":67},"end":{"line":104,"column":1}}}},"branchMap":{"0":{"loc":{"start":{"line":21,"column":2},"end":{"line":25,"column":3}},"type":"if","locations":[{"start":{"line":21,"column":2},"end":{"line":25,"column":3}}]},"1":{"loc":{"start":{"line":48,"column":2},"end":{"line":52,"column":3}},"type":"if","locations":[{"start":{"line":48,"column":2},"end":{"line":52,"column":3}}]},"2":{"loc":{"start":{"line":70,"column":2},"end":{"line":74,"column":3}},"type":"if","locations":[{"start":{"line":70,"column":2},"end":{"line":74,"column":3}}]},"3":{"loc":{"start":{"line":92,"column":2},"end":{"line":96,"column":3}},"type":"if","locations":[{"start":{"line":92,"column":2},"end":{"line":96,"column":3}}]}},"s":{"0":2,"1":2,"2":2,"3":2,"4":2,"5":0,"6":2,"7":2,"8":2,"9":2,"10":2,"11":2,"12":1,"13":1,"14":0,"15":2,"16":2,"17":1,"18":1,"19":1,"20":0,"21":2,"22":2,"23":2,"24":2,"25":2,"26":2,"27":1,"28":1,"29":1,"30":1,"31":0,"32":2,"33":2,"34":2,"35":2,"36":2,"37":2,"38":1,"39":1,"40":1,"41":1,"42":0,"43":2,"44":2,"45":2,"46":2,"47":2,"48":2,"49":1,"50":1,"51":1,"52":0,"53":2},"f":{"0":2,"1":2,"2":1,"3":2,"4":2,"5":2},"b":{"0":[1],"1":[1],"2":[1],"3":[1]}}
,"C:\\Users\\erick\\Desktop\\Programming\\rest-api-gip\\src\\middleware\\index.ts": {"path":"C:\\Users\\erick\\Desktop\\Programming\\rest-api-gip\\src\\middleware\\index.ts","statementMap":{"0":{"start":{"line":2,"column":0},"end":{"line":2,"column":53}},"1":{"start":{"line":4,"column":33},"end":{"line":12,"column":1}},"2":{"start":{"line":5,"column":17},"end":{"line":5,"column":38}},"3":{"start":{"line":7,"column":1},"end":{"line":9,"column":2}},"4":{"start":{"line":8,"column":2},"end":{"line":8,"column":58}},"5":{"start":{"line":11,"column":1},"end":{"line":11,"column":8}},"6":{"start":{"line":4,"column":13},"end":{"line":4,"column":33}}},"fnMap":{"0":{"name":"(anonymous_0)","decl":{"start":{"line":4,"column":33},"end":{"line":4,"column":34}},"loc":{"start":{"line":4,"column":85},"end":{"line":12,"column":1}}}},"branchMap":{"0":{"loc":{"start":{"line":7,"column":1},"end":{"line":9,"column":2}},"type":"if","locations":[{"start":{"line":7,"column":1},"end":{"line":9,"column":2}}]}},"s":{"0":2,"1":2,"2":17,"3":17,"4":8,"5":9,"6":2},"f":{"0":17},"b":{"0":[8]}}
,"C:\\Users\\erick\\Desktop\\Programming\\rest-api-gip\\src\\models\\Product.model.ts": {"path":"C:\\Users\\erick\\Desktop\\Programming\\rest-api-gip\\src\\models\\Product.model.ts","statementMap":{"0":{"start":{"line":1,"column":0},"end":{"line":1,"column":79}},"1":{"start":{"line":6,"column":0},"end":{"line":22,"column":null}},"2":{"start":{"line":10,"column":9},"end":{"line":10,"column":null}},"3":{"start":{"line":15,"column":9},"end":{"line":15,"column":null}},"4":{"start":{"line":21,"column":9},"end":{"line":21,"column":null}},"5":{"start":{"line":6,"column":6},"end":{"line":22,"column":null}},"6":{"start":{"line":24,"column":0},"end":{"line":24,"column":23}}},"fnMap":{},"branchMap":{},"s":{"0":3,"1":3,"2":3,"3":3,"4":3,"5":3,"6":3},"f":{},"b":{}}
}
