TN:
SF:src\router.ts
FN:35,(anonymous_0)
FN:52,(anonymous_1)
FNF:2
FNH:2
FNDA:4,(anonymous_0)
FNDA:5,(anonymous_1)
DA:1,2
DA:2,2
DA:3,2
DA:11,2
DA:13,2
DA:15,2
DA:17,2
DA:24,2
DA:35,4
DA:41,2
DA:52,5
DA:61,2
DA:68,2
DA:75,2
LF:14
LH:14
BRF:0
BRH:0
end_of_record
TN:
SF:src\server.ts
FN:8,connectDB
FN:26,(anonymous_2)
FNF:2
FNH:2
FNDA:3,connectDB
FNDA:1,(anonymous_2)
DA:1,2
DA:2,2
DA:4,2
DA:5,2
DA:8,2
DA:9,3
DA:10,3
DA:11,2
DA:14,1
DA:18,2
DA:21,2
DA:24,2
DA:25,2
DA:26,2
DA:27,1
DA:30,2
LF:16
LH:16
BRF:0
BRH:0
end_of_record
TN:
SF:src\config\db.ts
FNF:0
FNH:0
DA:1,2
DA:2,2
DA:3,2
DA:5,2
DA:15,2
LF:5
LH:5
BRF:0
BRH:0
end_of_record
TN:
SF:src\handlers\product.ts
FN:4,(anonymous_1)
FN:15,(anonymous_2)
FN:33,(anonymous_3)
FN:42,(anonymous_4)
FN:64,(anonymous_5)
FN:86,(anonymous_6)
FNF:6
FNH:6
FNDA:2,(anonymous_1)
FNDA:2,(anonymous_2)
FNDA:1,(anonymous_3)
FNDA:2,(anonymous_4)
FNDA:2,(anonymous_5)
FNDA:2,(anonymous_6)
DA:2,2
DA:4,2
DA:5,2
DA:6,2
DA:9,2
DA:11,0
DA:15,2
DA:16,2
DA:17,2
DA:19,2
DA:21,2
DA:22,1
DA:27,1
DA:29,0
DA:33,2
DA:34,1
DA:35,1
DA:36,1
DA:38,0
DA:42,2
DA:43,2
DA:44,2
DA:46,2
DA:48,2
DA:49,1
DA:55,1
DA:56,1
DA:58,1
DA:60,0
DA:64,2
DA:65,2
DA:66,2
DA:68,2
DA:70,2
DA:71,1
DA:77,1
DA:78,1
DA:80,1
DA:82,0
DA:86,2
DA:87,2
DA:88,2
DA:90,2
DA:92,2
DA:93,1
DA:98,1
DA:100,1
DA:102,0
LF:48
LH:42
BRDA:21,0,0,1
BRDA:48,1,0,1
BRDA:70,2,0,1
BRDA:92,3,0,1
BRF:4
BRH:4
end_of_record
TN:
SF:src\middleware\index.ts
FN:4,(anonymous_0)
FNF:1
FNH:1
FNDA:17,(anonymous_0)
DA:2,2
DA:4,2
DA:5,17
DA:7,17
DA:8,8
DA:11,9
LF:6
LH:6
BRDA:7,0,0,8
BRF:1
BRH:1
end_of_record
TN:
SF:src\models\Product.model.ts
FNF:0
FNH:0
DA:1,3
DA:6,3
DA:10,3
DA:15,3
DA:21,3
DA:24,3
LF:6
LH:6
BRF:0
BRH:0
end_of_record
